Start testing: Apr 16 22:22 CST
----------------------------------------------------------
1/1 Testing: LexerTests
1/1 Test: LexerTests
Command: "/home/tysufa/programmation/bidic/build/LexerTests"
Directory: /home/tysufa/programmation/bidic/build
"LexerTests" start time: Apr 16 22:22 CST
Output:
----------------------------------------------------------
FAIL: lexer.input() == "hello lexe" (line 19)

⚠️  Some tests failed!
<end of output>
Test time =   0.00 sec
----------------------------------------------------------
Test Failed.
"LexerTests" end time: Apr 16 22:22 CST
"LexerTests" time elapsed: 00:00:00
----------------------------------------------------------

End testing: Apr 16 22:22 CST
